mode: atomic
github.com/CultOfAgileLimericks/conductor/internal/pkg/plugin/output/http.go:26.48,28.2 1 6
github.com/CultOfAgileLimericks/conductor/internal/pkg/plugin/output/http.go:30.48,32.2 1 6
github.com/CultOfAgileLimericks/conductor/internal/pkg/plugin/output/http.go:34.55,36.2 1 2
github.com/CultOfAgileLimericks/conductor/internal/pkg/plugin/output/http.go:38.70,39.35 1 5
github.com/CultOfAgileLimericks/conductor/internal/pkg/plugin/output/http.go:43.2,49.19 5 4
github.com/CultOfAgileLimericks/conductor/internal/pkg/plugin/output/http.go:39.35,41.3 1 1
github.com/CultOfAgileLimericks/conductor/internal/pkg/plugin/output/http.go:53.79,56.9 3 2
github.com/CultOfAgileLimericks/conductor/internal/pkg/plugin/output/http.go:59.2,62.9 3 2
github.com/CultOfAgileLimericks/conductor/internal/pkg/plugin/output/http.go:65.2,68.9 3 2
github.com/CultOfAgileLimericks/conductor/internal/pkg/plugin/output/http.go:71.2,71.15 1 2
github.com/CultOfAgileLimericks/conductor/internal/pkg/plugin/output/http.go:56.9,58.3 1 1
github.com/CultOfAgileLimericks/conductor/internal/pkg/plugin/output/http.go:62.9,64.3 1 1
github.com/CultOfAgileLimericks/conductor/internal/pkg/plugin/output/http.go:68.9,70.3 1 1
github.com/CultOfAgileLimericks/conductor/internal/pkg/plugin/output/http.go:74.34,84.2 3 6
github.com/CultOfAgileLimericks/conductor/internal/pkg/plugin/output/http.go:86.59,87.62 1 6
github.com/CultOfAgileLimericks/conductor/internal/pkg/plugin/output/http.go:91.2,91.41 1 5
github.com/CultOfAgileLimericks/conductor/internal/pkg/plugin/output/http.go:95.2,96.13 2 4
github.com/CultOfAgileLimericks/conductor/internal/pkg/plugin/output/http.go:87.62,89.3 1 1
github.com/CultOfAgileLimericks/conductor/internal/pkg/plugin/output/http.go:91.41,93.3 1 1
github.com/CultOfAgileLimericks/conductor/internal/pkg/plugin/output/http.go:99.37,103.16 3 3
github.com/CultOfAgileLimericks/conductor/internal/pkg/plugin/output/http.go:108.2,109.16 2 2
github.com/CultOfAgileLimericks/conductor/internal/pkg/plugin/output/http.go:113.2,115.19 2 2
github.com/CultOfAgileLimericks/conductor/internal/pkg/plugin/output/http.go:103.16,106.3 2 1
github.com/CultOfAgileLimericks/conductor/internal/pkg/plugin/output/http.go:109.16,111.3 1 1
github.com/CultOfAgileLimericks/conductor/internal/pkg/model/task.go:15.22,25.2 4 4
github.com/CultOfAgileLimericks/conductor/internal/pkg/model/task.go:27.22,28.33 1 1
github.com/CultOfAgileLimericks/conductor/internal/pkg/model/task.go:32.2,32.35 1 1
github.com/CultOfAgileLimericks/conductor/internal/pkg/model/task.go:28.33,30.3 1 1
github.com/CultOfAgileLimericks/conductor/internal/pkg/model/task.go:32.35,35.36 2 1
github.com/CultOfAgileLimericks/conductor/internal/pkg/model/task.go:35.36,37.4 1 1
github.com/CultOfAgileLimericks/conductor/internal/pkg/model/task.go:41.43,44.2 2 2
github.com/CultOfAgileLimericks/conductor/internal/pkg/model/task.go:46.46,48.2 1 2
github.com/CultOfAgileLimericks/conductor/internal/pkg/plugin/input/cron.go:24.46,26.2 1 5
github.com/CultOfAgileLimericks/conductor/internal/pkg/plugin/input/cron.go:28.46,30.2 1 7
github.com/CultOfAgileLimericks/conductor/internal/pkg/plugin/input/cron.go:32.50,34.2 1 1
github.com/CultOfAgileLimericks/conductor/internal/pkg/plugin/input/cron.go:36.68,37.22 1 7
github.com/CultOfAgileLimericks/conductor/internal/pkg/plugin/input/cron.go:41.2,45.19 3 5
github.com/CultOfAgileLimericks/conductor/internal/pkg/plugin/input/cron.go:37.22,39.3 1 2
github.com/CultOfAgileLimericks/conductor/internal/pkg/plugin/input/cron.go:48.73,51.9 3 2
github.com/CultOfAgileLimericks/conductor/internal/pkg/plugin/input/cron.go:54.2,54.23 1 2
github.com/CultOfAgileLimericks/conductor/internal/pkg/plugin/input/cron.go:51.9,53.3 1 1
github.com/CultOfAgileLimericks/conductor/internal/pkg/plugin/input/cron.go:57.32,68.2 3 8
github.com/CultOfAgileLimericks/conductor/internal/pkg/plugin/input/cron.go:70.60,71.59 1 7
github.com/CultOfAgileLimericks/conductor/internal/pkg/plugin/input/cron.go:75.2,75.58 1 5
github.com/CultOfAgileLimericks/conductor/internal/pkg/plugin/input/cron.go:79.2,80.13 2 4
github.com/CultOfAgileLimericks/conductor/internal/pkg/plugin/input/cron.go:71.59,73.3 1 2
github.com/CultOfAgileLimericks/conductor/internal/pkg/plugin/input/cron.go:75.58,77.3 1 1
github.com/CultOfAgileLimericks/conductor/internal/pkg/plugin/input/cron.go:83.63,85.2 1 4
github.com/CultOfAgileLimericks/conductor/internal/pkg/plugin/input/cron.go:87.34,89.77 2 3
github.com/CultOfAgileLimericks/conductor/internal/pkg/plugin/input/cron.go:93.2,93.16 1 3
github.com/CultOfAgileLimericks/conductor/internal/pkg/plugin/input/cron.go:98.2,99.9 2 3
github.com/CultOfAgileLimericks/conductor/internal/pkg/plugin/input/cron.go:104.2,104.22 1 3
github.com/CultOfAgileLimericks/conductor/internal/pkg/plugin/input/cron.go:89.77,91.3 1 5
github.com/CultOfAgileLimericks/conductor/internal/pkg/plugin/input/cron.go:93.16,96.3 1 1
github.com/CultOfAgileLimericks/conductor/internal/pkg/plugin/input/cron.go:100.22,101.21 1 3
github.com/CultOfAgileLimericks/conductor/internal/pkg/plugin/input/cron.go:107.32,109.2 1 3
github.com/CultOfAgileLimericks/conductor/internal/pkg/plugin/input/http.go:27.46,29.2 1 4
github.com/CultOfAgileLimericks/conductor/internal/pkg/plugin/input/http.go:31.46,33.2 1 5
github.com/CultOfAgileLimericks/conductor/internal/pkg/plugin/input/http.go:35.50,37.2 1 1
github.com/CultOfAgileLimericks/conductor/internal/pkg/plugin/input/http.go:39.68,40.18 1 6
github.com/CultOfAgileLimericks/conductor/internal/pkg/plugin/input/http.go:44.2,48.19 3 4
github.com/CultOfAgileLimericks/conductor/internal/pkg/plugin/input/http.go:40.18,42.3 1 2
github.com/CultOfAgileLimericks/conductor/internal/pkg/plugin/input/http.go:51.73,54.9 3 2
github.com/CultOfAgileLimericks/conductor/internal/pkg/plugin/input/http.go:57.2,57.15 1 2
github.com/CultOfAgileLimericks/conductor/internal/pkg/plugin/input/http.go:54.9,56.3 1 1
github.com/CultOfAgileLimericks/conductor/internal/pkg/plugin/input/http.go:60.32,72.2 3 6
github.com/CultOfAgileLimericks/conductor/internal/pkg/plugin/input/http.go:74.61,75.59 1 5
github.com/CultOfAgileLimericks/conductor/internal/pkg/plugin/input/http.go:79.2,79.40 1 4
github.com/CultOfAgileLimericks/conductor/internal/pkg/plugin/input/http.go:83.2,84.13 2 3
github.com/CultOfAgileLimericks/conductor/internal/pkg/plugin/input/http.go:75.59,77.3 1 1
github.com/CultOfAgileLimericks/conductor/internal/pkg/plugin/input/http.go:79.40,81.3 1 1
github.com/CultOfAgileLimericks/conductor/internal/pkg/plugin/input/http.go:87.63,89.2 1 2
github.com/CultOfAgileLimericks/conductor/internal/pkg/plugin/input/http.go:91.34,93.71 2 2
github.com/CultOfAgileLimericks/conductor/internal/pkg/plugin/input/http.go:97.2,106.12 5 2
github.com/CultOfAgileLimericks/conductor/internal/pkg/plugin/input/http.go:112.2,112.9 1 2
github.com/CultOfAgileLimericks/conductor/internal/pkg/plugin/input/http.go:93.71,95.3 1 1
github.com/CultOfAgileLimericks/conductor/internal/pkg/plugin/input/http.go:106.12,110.3 2 2
github.com/CultOfAgileLimericks/conductor/internal/pkg/plugin/input/http.go:113.26,114.34 1 2
github.com/CultOfAgileLimericks/conductor/internal/pkg/plugin/input/http.go:117.3,119.9 2 2
github.com/CultOfAgileLimericks/conductor/internal/pkg/plugin/input/http.go:114.34,116.4 1 1
github.com/CultOfAgileLimericks/conductor/internal/pkg/plugin/input/http.go:123.32,125.68 2 2
github.com/CultOfAgileLimericks/conductor/internal/pkg/plugin/input/http.go:128.2,128.22 1 2
github.com/CultOfAgileLimericks/conductor/internal/pkg/plugin/input/http.go:125.68,127.3 1 0
